<?xml version="1.0" encoding="UTF-8"?>
<!-- Generated by org.testng.reporters.JUnitXMLReporter -->
<testsuite ignored="0" hostname="DESKTOP-KCO1LBM" failures="0" tests="2" name="Remote Chrome Test" time="20.519" errors="0" timestamp="2025-02-21T13:06:12 IST">
  <testcase classname="testCases.TC001_AccountRegistrationTest" name="verify_account_registration" time="2.723"/>
  <testcase classname="testCases.TC002_LoginTest" name="verify_login" time="1.639"/>
</testsuite> <!-- Remote Chrome Test -->
