<?xml version="1.0" encoding="UTF-8"?>
<!-- Generated by org.testng.reporters.JUnitXMLReporter -->
<testsuite ignored="0" hostname="DESKTOP-KCO1LBM" failures="0" tests="2" name="Remote Firefox Test" time="21.786" errors="0" timestamp="2025-02-20T14:26:52 IST">
  <testcase classname="testCases.TC001_AccountRegistrationTest" name="verify_account_registration" time="3.237"/>
  <testcase classname="testCases.TC002_LoginTest" name="verify_login" time="1.81"/>
</testsuite> <!-- Remote Firefox Test -->
