<?xml version="1.0" encoding="UTF-8"?>
<testsuite xmlns:xsi="http://www.w3.org/2001/XMLSchema-instance" xsi:noNamespaceSchemaLocation="https://maven.apache.org/surefire/maven-surefire-plugin/xsd/surefire-test-report.xsd" version="3.0.2" name="TestSuite" time="15.221" tests="2" errors="0" skipped="0" failures="0">
  <properties>
[...]
</properties>
  <testcase name="verify_account_registration" classname="testCases.TC001_AccountRegistrationTest" time="3.679">
    <system-out><![CDATA[2025-02-23 14:46:29 [main] INFO  BaseClass - Execution Environment: remote
2025-02-23 14:46:29 [main] INFO  BaseClass - Running on OS: Windows | Browser: chrome
2025-02-23 14:46:29 [main] INFO  BaseClass - Connecting to Selenium Grid at: http://localhost:4444
2025-02-23 14:46:32 [main] INFO  BaseClass - Remote WebDriver initialized successfully.
2025-02-23 14:46:34 [main] INFO  BaseClass - Navigated to URL: https://tutorialsninja.com/demo/
2025-02-23 14:46:34 [main] INFO  BaseClass - ************ Starting TC001_AccountRegistrationTest ************
2025-02-23 14:46:35 [main] INFO  BaseClass - Navigated to registration page.
2025-02-23 14:46:37 [main] INFO  BaseClass - Registration form submitted.
2025-02-23 14:46:37 [main] INFO  BaseClass - Account registration successful.
]]></system-out>
    <system-err><![CDATA[Feb 23, 2025 2:46:30 PM org.openqa.selenium.remote.tracing.opentelemetry.OpenTelemetryTracer createTracer
INFO: Using OpenTelemetry for tracing
]]></system-err>
  </testcase>
  <testcase name="verify_login" classname="testCases.TC002_LoginTest" time="1.969">
    <system-out><![CDATA[2025-02-23 14:46:37 [main] INFO  BaseClass - Closing browser...
2025-02-23 14:46:37 [main] INFO  BaseClass - Execution Environment: remote
2025-02-23 14:46:37 [main] INFO  BaseClass - Running on OS: Windows | Browser: chrome
2025-02-23 14:46:37 [main] INFO  BaseClass - Connecting to Selenium Grid at: http://localhost:4444
2025-02-23 14:46:38 [main] INFO  BaseClass - Remote WebDriver initialized successfully.
2025-02-23 14:46:39 [main] INFO  BaseClass - Navigated to URL: https://tutorialsninja.com/demo/
2025-02-23 14:46:39 [main] INFO  BaseClass - ************* TC002_LoginTest *************
2025-02-23 14:46:41 [main] INFO  BaseClass - ************* TC002_Login Test Completed *************
]]></system-out>
  </testcase>
</testsuite>